<?xml version="1.0" encoding="UTF-8" standalone="no"?>
<testsuite errors="0" failures="0" name="io.cucumber.core.plugin.JUnitFormatter" skipped="0" tests="1" time="20.253">
    <testcase classname="Learn Data Tables" name="Data Table Example with header" time="18.93">
        <system-out>
            <![CDATA[Given I am on amazon homePage...............................................passed
And I click on Account & Lists..............................................passed
And I enter Email or mobile phone number....................................passed
And I click on continue button..............................................passed
And I enter password........................................................passed
And I click on signIn Button................................................passed
Then I should see "There was a problem".....................................passed
]]>
        </system-out>
    </testcase>
</testsuite>
